0 info it worked if it ends with ok
1 verbose cli [ '/usr/bin/nodejs', '/usr/bin/npm', 'run', 'deploy' ]
2 info using npm@3.3.12
3 info using node@v5.2.0
4 verbose run-script [ 'predeploy', 'deploy', 'postdeploy' ]
5 info lifecycle ftlabs-screens-viewer@1.0.1~predeploy: ftlabs-screens-viewer@1.0.1
6 silly lifecycle ftlabs-screens-viewer@1.0.1~predeploy: no script for predeploy, continuing
7 info lifecycle ftlabs-screens-viewer@1.0.1~deploy: ftlabs-screens-viewer@1.0.1
8 verbose lifecycle ftlabs-screens-viewer@1.0.1~deploy: unsafe-perm in lifecycle true
9 verbose lifecycle ftlabs-screens-viewer@1.0.1~deploy: PATH: /usr/lib/node_modules/npm/bin/node-gyp-bin:/home/ada/gitWorkingDir/ftlabs-screens-viewer/node_modules/.bin:/home/ada/.rbenv/shims:/home/ada/.rbenv/bin:/usr/local/heroku/bin:/home/ada/.gems/ruby/2.1.0/bin:/home/ada/.npm-packages/bin:/home/ada/bin:/home/ada/bin:/usr/local/sbin:/usr/local/bin:/usr/sbin:/usr/bin:/sbin:/bin:/usr/games:/usr/local/games
10 verbose lifecycle ftlabs-screens-viewer@1.0.1~deploy: CWD: /home/ada/gitWorkingDir/ftlabs-screens-viewer
11 silly lifecycle ftlabs-screens-viewer@1.0.1~deploy: Args: [ '-c',
11 silly lifecycle   'git-directory-deploy --directory build --branch production && git checkout production && npm version ${1-\'patch\'} && git push && git push --tags && git checkout -' ]
12 silly lifecycle ftlabs-screens-viewer@1.0.1~deploy: Returned: code: 1  signal: null
13 info lifecycle ftlabs-screens-viewer@1.0.1~deploy: Failed to exec deploy script
14 verbose stack Error: ftlabs-screens-viewer@1.0.1 deploy: `git-directory-deploy --directory build --branch production && git checkout production && npm version ${1-'patch'} && git push && git push --tags && git checkout -`
14 verbose stack Exit status 1
14 verbose stack     at EventEmitter.<anonymous> (/usr/lib/node_modules/npm/lib/utils/lifecycle.js:232:16)
14 verbose stack     at emitTwo (events.js:88:13)
14 verbose stack     at EventEmitter.emit (events.js:173:7)
14 verbose stack     at ChildProcess.<anonymous> (/usr/lib/node_modules/npm/lib/utils/spawn.js:24:14)
14 verbose stack     at emitTwo (events.js:88:13)
14 verbose stack     at ChildProcess.emit (events.js:173:7)
14 verbose stack     at maybeClose (internal/child_process.js:819:16)
14 verbose stack     at Process.ChildProcess._handle.onexit (internal/child_process.js:212:5)
15 verbose pkgid ftlabs-screens-viewer@1.0.1
16 verbose cwd /home/ada/gitWorkingDir/ftlabs-screens-viewer
17 error Linux 4.2.6ph+
18 error argv "/usr/bin/nodejs" "/usr/bin/npm" "run" "deploy"
19 error node v5.2.0
20 error npm  v3.3.12
21 error code ELIFECYCLE
22 error ftlabs-screens-viewer@1.0.1 deploy: `git-directory-deploy --directory build --branch production && git checkout production && npm version ${1-'patch'} && git push && git push --tags && git checkout -`
22 error Exit status 1
23 error Failed at the ftlabs-screens-viewer@1.0.1 deploy script 'git-directory-deploy --directory build --branch production && git checkout production && npm version ${1-'patch'} && git push && git push --tags && git checkout -'.
23 error Make sure you have the latest version of node.js and npm installed.
23 error If you do, this is most likely a problem with the ftlabs-screens-viewer package,
23 error not with npm itself.
23 error Tell the author that this fails on your system:
23 error     git-directory-deploy --directory build --branch production && git checkout production && npm version ${1-'patch'} && git push && git push --tags && git checkout -
23 error You can get their info via:
23 error     npm owner ls ftlabs-screens-viewer
23 error There is likely additional logging output above.
24 verbose exit [ 1, true ]
